<?xml version="1.0" encoding="UTF-8"?>
<testng-results ignored="0" total="0" passed="0" failed="0" skipped="0">
  <reporter-output>
  </reporter-output>
  <suite started-at="2022-02-27T23:57:28 GMT-08:00" name="Suite" finished-at="2022-02-27T23:57:28 GMT-08:00" duration-ms="30">
    <groups>
    </groups>
    <test started-at="2022-02-27T23:57:28 GMT-08:00" name="Test" finished-at="2022-02-27T23:57:28 GMT-08:00" duration-ms="30">
    </test> <!-- Test -->
  </suite> <!-- Suite -->
</testng-results>
